<?xml version="1.0" encoding="UTF-8"?>
<!-- Generated by org.testng.reporters.JUnitXMLReporter -->
<testsuite ignored="2" hostname="JAMOCHA46" failures="3" tests="5" name="Test" time="1.79" errors="0" timestamp="2024-04-08T10:09:16 IST">
  <testcase classname="test.Users.UsersAddingNew" name="addNewUsers" time="0.619">
    <skipped/>
  </testcase> <!-- addNewUsers -->
  <testcase classname="test.Users.UsersAddingNew" name="addNewUsers" time="0.305">
    <skipped/>
  </testcase> <!-- addNewUsers -->
  <testcase classname="test.Users.UsersAddingNew" name="addNewUsers" time="0.284">
    <failure type="java.lang.NullPointerException" message="Cannot invoke &amp;quot;com.aventstack.extentreports.ExtentTest.log(com.aventstack.extentreports.Status, String)&amp;quot; because the return value of &amp;quot;java.lang.ThreadLocal.get()&amp;quot; is null">
      <![CDATA[java.lang.NullPointerException: Cannot invoke "com.aventstack.extentreports.ExtentTest.log(com.aventstack.extentreports.Status, String)" because the return value of "java.lang.ThreadLocal.get()" is null
at test.Listeners.testStepDescription(Listeners.java:69)
at test.Users.UsersAddingNew.addNewUsers(UsersAddingNew.java:24)
at java.base/java.util.ArrayList.forEach(ArrayList.java:1511)
... Removed 27 stack frames]]>
    </failure>
  </testcase> <!-- addNewUsers -->
  <testcase classname="test.Users.UsersBulkUploadForActiveUsers" name="userBulkUploadForActiveUsers" time="0.253">
    <failure type="java.lang.NullPointerException" message="Cannot invoke &amp;quot;com.aventstack.extentreports.ExtentTest.log(com.aventstack.extentreports.Status, String)&amp;quot; because the return value of &amp;quot;java.lang.ThreadLocal.get()&amp;quot; is null">
      <![CDATA[java.lang.NullPointerException: Cannot invoke "com.aventstack.extentreports.ExtentTest.log(com.aventstack.extentreports.Status, String)" because the return value of "java.lang.ThreadLocal.get()" is null
at test.Listeners.testStepDescription(Listeners.java:69)
at test.Users.UsersBulkUploadForActiveUsers.userBulkUploadForActiveUsers(UsersBulkUploadForActiveUsers.java:29)
at java.base/java.util.ArrayList.forEach(ArrayList.java:1511)
... Removed 27 stack frames]]>
    </failure>
  </testcase> <!-- userBulkUploadForActiveUsers -->
  <testcase classname="test.Users.UsersAttributesForInactiveUsers" name="usersAttributesForInactiveUsers" time="0.229">
    <failure type="java.lang.NullPointerException" message="Cannot invoke &amp;quot;com.aventstack.extentreports.ExtentTest.log(com.aventstack.extentreports.Status, String)&amp;quot; because the return value of &amp;quot;java.lang.ThreadLocal.get()&amp;quot; is null">
      <![CDATA[java.lang.NullPointerException: Cannot invoke "com.aventstack.extentreports.ExtentTest.log(com.aventstack.extentreports.Status, String)" because the return value of "java.lang.ThreadLocal.get()" is null
at test.Listeners.testStepDescription(Listeners.java:69)
at test.Users.UsersAttributesForInactiveUsers.usersAttributesForInactiveUsers(UsersAttributesForInactiveUsers.java:28)
at java.base/java.util.ArrayList.forEach(ArrayList.java:1511)
... Removed 27 stack frames]]>
    </failure>
  </testcase> <!-- usersAttributesForInactiveUsers -->
  <testcase classname="test.BaseTest" name="@AfterTest teardown" time="0.0">
    <ignored/>
  </testcase> <!-- @AfterTest teardown -->
  <testcase classname="test.BaseTest" name="@AfterTest teardown" time="0.0">
    <ignored/>
  </testcase> <!-- @AfterTest teardown -->
</testsuite> <!-- Test -->
