<?xml version="1.0" encoding="UTF-8"?>
<!-- Generated by org.testng.reporters.JUnitXMLReporter -->
<testsuite ignored="14" hostname="JAMOCHA46" failures="0" tests="15" name="Test" time="181.392" errors="0" timestamp="2024-04-08T11:20:32 IST">
  <testcase classname="test.Users.UsersAddingNew" name="addNewUsers" time="27.063"/>
  <testcase classname="test.Users.UsersAttributesForActiveUsers" name="usersAttributesForInactiveUsers" time="12.924"/>
  <testcase classname="test.Users.UsersAttributesForInactiveUsers" name="usersAttributesForInactiveUsers" time="12.854"/>
  <testcase classname="test.Users.UsersLoggedinUsersByClientVersion" name="usersLoggedinUsersByClientVersion" time="10.039"/>
  <testcase classname="test.Users.UsersLoggedinUsersByClientMode" name="usersLoggedinUsersByClientMode" time="9.885"/>
  <testcase classname="test.Users.UsersLoggedinUsersByDotNetVersion" name="usersLoggedinUsersByDotNetVersion" time="9.348"/>
  <testcase classname="test.Users.UsersLoggedinUsersByActivity" name="usersLoggedinUsersByHeartbeat" time="20.479"/>
  <testcase classname="test.Users.UsersLoggedinUsersByTrayMemory" name="usersLoggedinUsersByTrayMemory" time="9.381"/>
  <testcase classname="test.Users.UsersLoggedinUsersByHeartbeat" name="usersLoggedinUsersByHeartbeat" time="9.678"/>
  <testcase classname="test.Users.UsersLoggedinUsersBytrayCPU" name="usersLoggedinUsersByTrayCPU" time="9.416"/>
  <testcase classname="test.Users.UsersLoggedinUsersByOperatingSystem" name="usersLoggedinUsersByOperatingSystem" time="11.173"/>
  <testcase classname="test.Users.UsersLoggedinUsersByServiceMemory" name="usersLoggedinUsersByServiceMemory" time="9.313"/>
  <testcase classname="test.Users.UsersLoggedinUsersByOSflavour" name="usersLoggedinUsersByOSflavour" time="9.233"/>
  <testcase classname="test.Users.UsersLoggedinUsersByProxy" name="usersLoggedinUsersByProxy" time="11.25"/>
  <testcase classname="test.Users.UsersLoggedinUsersByServiceCPU" name="usersLoggedinUsersByServiceCPU" time="9.238"/>
  <testcase classname="test.BaseTest" name="@AfterTest teardown" time="0.0">
    <ignored/>
  </testcase> <!-- @AfterTest teardown -->
  <testcase classname="test.BaseTest" name="@AfterTest teardown" time="0.0">
    <ignored/>
  </testcase> <!-- @AfterTest teardown -->
  <testcase classname="test.BaseTest" name="@AfterTest teardown" time="0.0">
    <ignored/>
  </testcase> <!-- @AfterTest teardown -->
  <testcase classname="test.BaseTest" name="@AfterTest teardown" time="0.0">
    <ignored/>
  </testcase> <!-- @AfterTest teardown -->
  <testcase classname="test.BaseTest" name="@AfterTest teardown" time="0.0">
    <ignored/>
  </testcase> <!-- @AfterTest teardown -->
  <testcase classname="test.BaseTest" name="@AfterTest teardown" time="0.0">
    <ignored/>
  </testcase> <!-- @AfterTest teardown -->
  <testcase classname="test.BaseTest" name="@AfterTest teardown" time="0.0">
    <ignored/>
  </testcase> <!-- @AfterTest teardown -->
  <testcase classname="test.BaseTest" name="@AfterTest teardown" time="0.0">
    <ignored/>
  </testcase> <!-- @AfterTest teardown -->
  <testcase classname="test.BaseTest" name="@AfterTest teardown" time="0.0">
    <ignored/>
  </testcase> <!-- @AfterTest teardown -->
  <testcase classname="test.BaseTest" name="@AfterTest teardown" time="0.0">
    <ignored/>
  </testcase> <!-- @AfterTest teardown -->
  <testcase classname="test.BaseTest" name="@AfterTest teardown" time="0.0">
    <ignored/>
  </testcase> <!-- @AfterTest teardown -->
  <testcase classname="test.BaseTest" name="@AfterTest teardown" time="0.0">
    <ignored/>
  </testcase> <!-- @AfterTest teardown -->
  <testcase classname="test.BaseTest" name="@AfterTest teardown" time="0.0">
    <ignored/>
  </testcase> <!-- @AfterTest teardown -->
  <testcase classname="test.BaseTest" name="@AfterTest teardown" time="0.0">
    <ignored/>
  </testcase> <!-- @AfterTest teardown -->
</testsuite> <!-- Test -->
